[0m17:28:39.707185 [debug] [MainThread]: Sending event: {'category': 'dbt', 'action': 'invocation', 'label': 'start', 'context': [<snowplow_tracker.self_describing_json.SelfDescribingJson object at 0x7f2d28b7b790>, <snowplow_tracker.self_describing_json.SelfDescribingJson object at 0x7f2d268f5e40>, <snowplow_tracker.self_describing_json.SelfDescribingJson object at 0x7f2d268f5de0>]}


============================== 17:28:39.711522 | d55f55ab-e991-4033-a790-f38fb4df548b ==============================
[0m17:28:39.711522 [info ] [MainThread]: Running with dbt=1.7.4
[0m17:28:39.712697 [debug] [MainThread]: running dbt with arguments {'printer_width': '80', 'indirect_selection': 'eager', 'log_cache_events': 'False', 'write_json': 'True', 'partial_parse': 'True', 'cache_selected_only': 'False', 'profiles_dir': '/home/agustin/.dbt', 'debug': 'False', 'fail_fast': 'False', 'log_path': 'logs', 'warn_error': 'None', 'version_check': 'True', 'use_colors': 'True', 'use_experimental_parser': 'False', 'no_print': 'None', 'quiet': 'False', 'log_format': 'default', 'invocation_command': 'dbt init', 'introspect': 'True', 'warn_error_options': 'WarnErrorOptions(include=[], exclude=[])', 'target_path': 'None', 'static_parser': 'True', 'send_anonymous_usage_stats': 'True'}
[0m17:30:16.955633 [debug] [MainThread]: Starter project path: /home/agustin/Documentos/minio-dbt/venv/lib/python3.10/site-packages/dbt/include/starter_project
[0m17:30:16.960243 [info ] [MainThread]: 
Your new dbt project "dbt_project" was created!

For more information on how to configure the profiles.yml file,
please consult the dbt documentation here:

  https://docs.getdbt.com/docs/configure-your-profile

One more thing:

Need help? Don't hesitate to reach out to us via GitHub issues or on Slack:

  https://community.getdbt.com/

Happy modeling!

[0m17:30:16.961253 [info ] [MainThread]: Setting up your profile.
[0m17:31:27.116913 [info ] [MainThread]: Profile dbt_project written to /home/agustin/.dbt/profiles.yml using target's profile_template.yml and your supplied values. Run 'dbt debug' to validate the connection.
[0m17:31:27.119404 [debug] [MainThread]: Resource report: {"command_name": "init", "command_success": true, "command_wall_clock_time": 167.49138, "process_user_time": 3.979105, "process_kernel_time": 0.148264, "process_mem_max_rss": "98244", "process_out_blocks": "88", "process_in_blocks": "0"}
[0m17:31:27.121683 [debug] [MainThread]: Command `dbt init` succeeded at 17:31:27.121127 after 167.49 seconds
[0m17:31:27.123345 [debug] [MainThread]: Sending event: {'category': 'dbt', 'action': 'invocation', 'label': 'end', 'context': [<snowplow_tracker.self_describing_json.SelfDescribingJson object at 0x7f2d28b7b790>, <snowplow_tracker.self_describing_json.SelfDescribingJson object at 0x7f2d265af3d0>, <snowplow_tracker.self_describing_json.SelfDescribingJson object at 0x7f2d2adc5bd0>]}
[0m17:31:27.125129 [debug] [MainThread]: Flushing usage events
